Jul 26, 2025 11:02:43 AM liquibase.changelog
INFO: Reading resource: db/changelog/migrations/db.changelog-202507261052.sql
Jul 26, 2025 11:02:43 AM liquibase.changelog
INFO: Creating database changelog table with name: board.databasechangelog
Jul 26, 2025 11:02:43 AM liquibase.changelog
INFO: Reading from board.databasechangelog
Jul 26, 2025 11:02:43 AM liquibase.snapshot
INFO: Creating snapshot
Jul 26, 2025 11:02:43 AM liquibase.lockservice
INFO: Successfully acquired change log lock
Jul 26, 2025 11:02:43 AM liquibase.command
INFO: Using deploymentId: 3538563032
Jul 26, 2025 11:02:43 AM liquibase.changelog
INFO: Reading from board.databasechangelog
Running Changeset: db/changelog/migrations/db.changelog-202507261052.sql::202507261052::roberto
Jul 26, 2025 11:02:43 AM liquibase.changelog
INFO: Custom SQL executed
Jul 26, 2025 11:02:43 AM liquibase.changelog
INFO: ChangeSet db/changelog/migrations/db.changelog-202507261052.sql::202507261052::roberto ran successfully in 24ms

UPDATE SUMMARY
Run:                          1
Previously run:               0
Filtered out:                 0
-------------------------------
Total change sets:            1

Jul 26, 2025 11:02:43 AM liquibase.util
INFO: UPDATE SUMMARY
Jul 26, 2025 11:02:43 AM liquibase.util
INFO: Run:                          1
Jul 26, 2025 11:02:43 AM liquibase.util
INFO: Previously run:               0
Jul 26, 2025 11:02:43 AM liquibase.util
INFO: Filtered out:                 0
Jul 26, 2025 11:02:43 AM liquibase.util
INFO: -------------------------------
Jul 26, 2025 11:02:43 AM liquibase.util
INFO: Total change sets:            1
Jul 26, 2025 11:02:43 AM liquibase.util
INFO: Update summary generated
Jul 26, 2025 11:02:43 AM liquibase.command
INFO: Update command completed successfully.
Liquibase: Update has been successful. Rows affected: 0
Jul 26, 2025 11:02:43 AM liquibase.lockservice
INFO: Successfully released change log lock
Jul 26, 2025 11:02:43 AM liquibase.command
INFO: Command execution complete
